Seed,1000
cribbage.RandomPlayer,P0
cribbage.RandomPlayer,P1
deal,P0,[AH,4S,7D,9S,TS,KC]
deal,P1,[AC,3H,5D,7C,8S,QS]
discard,P0,[9S,TS]
discard,P1,[AC,3H]
starter,5C
play,P0,1,AH
play,P1,11,QS
play,P0,18,7D
play,P1,23,5D
play,P0,27,4S
play,P1,8,8S
play,P0,18,KC
play,P1,25,7C
score,P1,1,1,go
show,P0,5C+[AH,4S,7D,KC]
score,P0,2,2,fifteen,[AH,4S,KC]
score,P0,4,2,fifteen,[5C,KC]
show,P1,5C+[5D,7C,8S,QS]
score,P1,3,2,fifteen,[5D,QS]
score,P1,5,2,fifteen,[7C,8S]
score,P1,7,2,fifteen,[5C,QS]
score,P1,9,2,pair2,[5C,5D]
show,P1,5C+[AC,3H,9S,TS]
score,P1,11,2,fifteen,[AC,5C,9S]
score,P1,13,2,fifteen,[5C,TS]
